Id:       1
Winner:   1717959
Target:   00000000
Solution: 08916551 (validated)
Votes:    1/1
Wallets:  1717959:1

Id:       2
Winner:   1717959
Target:   08916551
Solution: 05970796 (validated)
Votes:    2/2
Wallets:  1717959:2

Id:       3
Winner:   1717959
Target:   05970796
Solution: 00937352 (validated)
Votes:    3/3
Wallets:  1717959:3

Id:       4
Winner:   1717959
Target:   00937352
Solution: 01835314 (validated)
Votes:    4/4
Wallets:  1717959:4

Id:       5
Winner:   1717959
Target:   01835314
Solution: 09331340 (validated)
Votes:    5/5
Wallets:  1717959:5

